<?xml version="1.0" encoding="UTF-8"?>
<!-- Generated by org.testng.reporters.JUnitReportReporter -->
<testsuite hostname="YJFFCPGQPL359JC" name="unne.NewTest" tests="3" failures="0" timestamp="30 Aug 2019 11:42:50 GMT" time="123.170" errors="0">
  <testcase name="f" time="35.930" classname="unne.NewTest"/>
  <testcase name="f" time="53.309" classname="unne.NewTest"/>
  <testcase name="f" time="33.931" classname="unne.NewTest"/>
</testsuite> <!-- unne.NewTest -->
