<?xml version="1.0" encoding="UTF-8"?>
<!-- Generated by org.testng.reporters.JUnitReportReporter -->
<testsuite hostname="YJFFCPGQPL359JC" name="unne.New2Test" tests="1" failures="0" timestamp="30 Aug 2019 11:42:50 GMT" time="0.000" errors="0">
  <testcase name="f" time="0.000" classname="unne.New2Test"/>
</testsuite> <!-- unne.New2Test -->
