<?xml version="1.0" encoding="UTF-8"?>
<!-- Generated by org.testng.reporters.JUnitReportReporter -->
<testsuite hostname="YJFFCPGQPL359JC" name="unne.AppTest" tests="1" failures="0" timestamp="30 Aug 2019 08:39:11 GMT" time="0.000" errors="0">
  <testcase name="shouldAnswerWithTrue" time="0.000" classname="unne.AppTest"/>
</testsuite> <!-- unne.AppTest -->
